



























































DATE  12/18/2019                                         SNOW'S BOATS INC                                                    PAGE: 1

CUSTOMER                                    BOAT         PURCHASE           ACCESSORY                     PREP                 TOTALLAST NAME             STATE                COST          DATE               PACKAGE                       COST                  COST

BOAT TYPE BASS BOAT                                                                                                                 

KRONK                   GA            462,344.45         01/23/19           SKI PACKAGE              23,053.62            485,398.07
WANDER                  GA             34,567.92         11/25/18           FISHING PACKAGE          95,321.46            129,889.38
SETT                    HI            694,567.23         10/16/19           ELECTRONICS              24,586.97            719,154.20
JONES                   HI            345,689.12         05/23/19           SKI PACKAGE              46,810.12            392,499.24
REED                    IL            554,444.23         03/14/19           FISHING PACKAGE           2,561.04            557,005.27
LEE                     IL                   .00         06/25/19           SKI PACKAGE                    .00                   .00
AVAROSA                 IN            999,999.99         08/21/19           ELECTRONICS                    .00            999,999.99
FRITZ                   IN                   .00         05/17/19           ELECTRONICS              99,999.99             99,999.99

                       SUBTOTALS FOR BASS BOAT              NUMBER SOLD:      8                                        $3,383,946.14BOAT TYPE PONTOON                                                                                                                   

BOB - DYLAN             CO            900,000.12         12/11/19           ELECTRONICS              52,000.13            952,000.25
KING                    CT            999,999.99         11/10/18           SKI PACKAGE              99,999.99          1,099,999.98
FREEZE                  DE                   .00         10/09/17           FISHING PACKAGE                .00                   .00
MUSK                    DE                   .00         06/08/18           ELECTRONICS              99,999.99             99,999.99
CRUISE                  DE            999,999.99         08/05/19           ELECTRONICS                    .00            999,999.99
STARK                   FL             20,320.12         07/04/19           SKI PACKAGE               2,348.95             22,669.07
THORS                   FL              5,790.26         04/08/18           FISHING PACKAGE             487.31              6,277.57
HOLMES                  FL                621.57         06/19/19           FISHING PACKAGE              91.24                712.81

                       SUBTOTALS FOR PONTOON                NUMBER SOLD:      8                                        $3,181,659.66BOAT TYPE SKI BOAT                                                                                                                  

KRONK                   GA            462,344.45         01/23/19           SKI PACKAGE              23,053.62            485,398.07
WANDER                  GA             34,567.92         11/25/18           SKI PACKAGE              95,321.46            129,889.38
SETT                    HI            694,567.23         10/16/19           SKI PACKAGE              24,586.97            719,154.20
JONES                   HI            345,689.12         05/23/19           SKI PACKAGE              46,810.12            392,499.24
REED                    IL            554,444.23         03/14/19           FISHING PACKAGE           2,561.04            557,005.27
LEE                     IL                   .00         06/25/19           FISHING PACKAGE                .00                   .00
AVAROSA                 IN            999,999.99         08/21/19           FISHING PACKAGE                .00            999,999.99
TAMARA                  IN                   .00         05/17/19           FISHING PACKAGE          99,999.99             99,999.99

                       SUBTOTALS FOR SKI BOAT               NUMBER SOLD:      8                                        $3,383,946.14BOAT TYPE JOHN BOAT                                                                                                                 

BOB - DYLAN             CO            900,000.12         12/11/19           ELECTRONICS              52,000.13            952,000.25
KING                    CT            999,999.99         11/10/18           SKI PACKAGE              99,999.99          1,099,999.98
FREEZE                  DE                   .00         10/09/17           FISHING PACKAGE                .00                   .00
MUSK                    DE                   .00         06/08/18           ELECTRONICS              99,999.99             99,999.99
CRUISE                  DE            999,999.99         08/05/19           ELECTRONICS                    .00            999,999.99
STARK                   FL             20,320.12         07/04/19           SKI PACKAGE               2,348.95             22,669.07
THORS                   FL              5,790.26         04/08/18           FISHING PACKAGE             487.31              6,277.57
HOLMES                  FL                621.57         06/19/19           FISHING PACKAGE              91.24                712.81

                       SUBTOTALS FOR JOHN BOAT              NUMBER SOLD:      8                                        $3,181,659.66BOAT TYPE CANOE                                                                                                                     

KRONK                   GA            462,344.45         01/23/19           SKI PACKAGE              23,053.62            485,398.07
WANDER                  GA             34,567.92         11/25/18           SKI PACKAGE              95,321.46            129,889.38
SETT                    HI            694,567.23         10/16/19           SKI PACKAGE              24,586.97            719,154.20
JONES                   HI            345,689.12         05/23/19           SKI PACKAGE              46,810.12            392,499.24
REED                    IL            554,444.23         03/14/19           FISHING PACKAGE           2,561.04            557,005.27
LEE                     IL                   .00         06/25/19           FISHING PACKAGE                .00                   .00




DATE  12/18/2019                                         SNOW'S BOATS INC                                                    PAGE: 2

CUSTOMER                                    BOAT         PURCHASE           ACCESSORY                     PREP                 TOTALLAST NAME             STATE                COST          DATE               PACKAGE                       COST                  COST

BOAT TYPE CANOE                                                                                                                     

AVAROSA                 IN            999,999.99         08/21/19           FISHING PACKAGE                .00            999,999.99
TAMARA                  IN                   .00         05/17/19           FISHING PACKAGE          99,999.99             99,999.99

                       SUBTOTALS FOR CANOE                  NUMBER SOLD:      8                                        $3,383,946.14BOAT TYPE CABIN CRUISER                                                                                                             

BOB - DYLAN             CO            900,000.12         12/11/19           ELECTRONICS              52,000.13            952,000.25
KING                    CT            999,999.99         11/10/18           SKI PACKAGE              99,999.99          1,099,999.98
FREEZE                  DE                   .00         10/09/17           FISHING PACKAGE                .00                   .00
MUSK                    DE                   .00         06/08/18           ELECTRONICS              99,999.99             99,999.99
CRUISE                  DE            999,999.99         08/05/19           ELECTRONICS                    .00            999,999.99
STARK                   FL             20,320.12         07/04/19           SKI PACKAGE               2,348.95             22,669.07
THORS                   FL              5,790.26         04/08/18           FISHING PACKAGE             487.31              6,277.57
HOLMES                  FL                621.57         06/19/19           FISHING PACKAGE              91.24                712.81

                       SUBTOTALS FOR CABIN CRUISER          NUMBER SOLD:      8                                        $3,181,659.66


                        GRAND TOTALS                        NUMBER SOLD:     48                                       $19,696,817.40